TN:
SF:/usr/include/c++/6/bits/shared_ptr.h
DA:107,4
LF:1
LH:1
end_of_record
SF:/usr/include/c++/6/bits/shared_ptr_base.h
FN:926,_ZNSt12__shared_ptrI11TransactionLN9__gnu_cxx12_Lock_policyE2EEC2ERKS3_
FNDA:4,_ZNSt12__shared_ptrI11TransactionLN9__gnu_cxx12_Lock_policyE2EEC2ERKS3_
FNF:1
FNH:1
DA:134,4
DA:665,4
DA:666,4
DA:668,4
DA:926,8
LF:5
LH:5
end_of_record
SF:/usr/include/c++/6/bits/stl_construct.h
DA:75,4
LF:1
LH:1
end_of_record
SF:/usr/include/c++/6/bits/stl_iterator.h
DA:799,4
LF:1
LH:1
end_of_record
SF:/usr/include/c++/6/bits/stl_uninitialized.h
DA:74,12
LF:1
LH:1
end_of_record
SF:/usr/include/c++/6/bits/stl_vector.h
FN:167,_ZNSt12_Vector_baseISt10shared_ptrI11TransactionESaIS2_EE11_M_allocateEm.isra.12
FN:320,_ZNSt6vectorISt10shared_ptrI11TransactionESaIS2_EEC2ERKS4_
FNDA:4,_ZNSt12_Vector_baseISt10shared_ptrI11TransactionESaIS2_EE11_M_allocateEm.isra.12
FNDA:4,_ZNSt6vectorISt10shared_ptrI11TransactionESaIS2_EEC2ERKS4_
FNF:2
FNH:2
DA:90,4
DA:91,4
DA:167,4
DA:170,8
DA:185,4
DA:186,4
DA:187,4
DA:320,4
DA:323,4
DA:327,4
DA:656,4
LF:11
LH:11
end_of_record
SF:/usr/include/c++/6/ext/atomicity.h
DA:53,4
DA:74,0
DA:95,4
LF:3
LH:2
end_of_record
SF:/usr/include/c++/6/ext/new_allocator.h
DA:101,2
DA:102,0
DA:104,2
LF:3
LH:2
end_of_record
SF:/usr/include/c++/6/ext/atomicity.h
DA:49,0
DA:67,0
DA:68,0
DA:81,0
LF:4
LH:0
end_of_record
SF:/usr/include/c++/6/ext/new_allocator.h
DA:110,0
LF:1
LH:0
end_of_record
SF:/usr/include/c++/6/bits/shared_ptr.h
DA:93,0
LF:1
LH:0
end_of_record
SF:/usr/include/c++/6/bits/shared_ptr_base.h
DA:126,0
DA:127,0
DA:143,0
DA:147,0
DA:150,0
DA:162,0
DA:166,0
DA:169,0
DA:399,0
DA:563,0
DA:661,0
DA:662,0
DA:879,0
DA:880,0
LF:14
LH:0
end_of_record
SF:/media/sf_HOME/4 sem/project/src/model/Report.cpp
FN:3,_ZN6Report7SummaryC2Eiii
FN:8,_ZNK6Report7Summary9get_deltaEv
FN:12,_ZNK6Report7Summary10get_incomeEv
FN:16,_ZNK6Report7Summary11get_outcomeEv
FN:21,_ZN6ReportC2ESt6vectorISt10shared_ptrI11TransactionESaIS3_EENS_7SummaryE
FN:25,_ZNK6Report11get_summaryEv
FN:29,_ZNK6Report16get_transactionsEv
FNDA:4,_ZN6Report7SummaryC2Eiii
FNDA:4,_ZNK6Report7Summary9get_deltaEv
FNDA:4,_ZNK6Report7Summary10get_incomeEv
FNDA:4,_ZNK6Report7Summary11get_outcomeEv
FNDA:4,_ZN6ReportC2ESt6vectorISt10shared_ptrI11TransactionESaIS3_EENS_7SummaryE
FNDA:4,_ZNK6Report11get_summaryEv
FNDA:4,_ZNK6Report16get_transactionsEv
FNF:7
FNH:7
DA:3,4
DA:6,4
DA:8,4
DA:9,4
DA:12,4
DA:13,4
DA:16,4
DA:17,4
DA:21,4
DA:23,4
DA:25,4
DA:26,4
DA:29,4
DA:30,4
LF:14
LH:14
end_of_record
TN:
SF:/usr/include/c++/6/bits/basic_string.h
FN:454,_ZNSt7__cxx1112basic_stringIcSt11char_traitsIcESaIcEEC2EPKcRKS3_.isra.26
FNDA:16,_ZNSt7__cxx1112basic_stringIcSt11char_traitsIcESaIcEEC2EPKcRKS3_.isra.26
FNF:1
FNH:1
DA:109,20
DA:110,20
DA:128,12
DA:132,20
DA:142,16
DA:152,8
DA:160,12
DA:166,20
DA:180,28
DA:196,20
DA:297,20
DA:397,4
DA:400,4
DA:454,16
DA:456,48
DA:558,4
LF:16
LH:16
end_of_record
SF:/usr/include/c++/6/bits/basic_string.tcc
FN:206,_ZNSt7__cxx1112basic_stringIcSt11char_traitsIcESaIcEE12_M_constructIPKcEEvT_S8_St20forward_iterator_tag.isra.24
FN:206,_ZNSt7__cxx1112basic_stringIcSt11char_traitsIcESaIcEE12_M_constructIPcEEvT_S7_St20forward_iterator_tag.isra.29
FNDA:4,_ZNSt7__cxx1112basic_stringIcSt11char_traitsIcESaIcEE12_M_constructIPcEEvT_S7_St20forward_iterator_tag.isra.29
FNDA:16,_ZNSt7__cxx1112basic_stringIcSt11char_traitsIcESaIcEE12_M_constructIPKcEEvT_S8_St20forward_iterator_tag.isra.24
FNF:2
FNH:2
DA:206,20
DA:211,20
DA:212,0
DA:215,20
DA:217,20
DA:219,12
DA:220,12
DA:232,20
DA:233,20
LF:9
LH:8
end_of_record
SF:/usr/include/c++/6/bits/char_traits.h
DA:243,20
DA:267,16
DA:288,20
DA:290,20
LF:4
LH:4
end_of_record
SF:/usr/include/c++/6/bits/shared_ptr.h
DA:93,4
LF:1
LH:1
end_of_record
SF:/usr/include/c++/6/bits/shared_ptr_base.h
FN:126,_ZNSt16_Sp_counted_baseILN9__gnu_cxx12_Lock_policyE2EE10_M_destroyEv
FN:143,_ZNSt16_Sp_counted_baseILN9__gnu_cxx12_Lock_policyE2EE10_M_releaseEv
FN:399,_ZNSt15_Sp_counted_ptrIDnLN9__gnu_cxx12_Lock_policyE2EE10_M_disposeEv
FNDA:0,_ZNSt16_Sp_counted_baseILN9__gnu_cxx12_Lock_policyE2EE10_M_destroyEv
FNDA:8,_ZNSt16_Sp_counted_baseILN9__gnu_cxx12_Lock_policyE2EE10_M_releaseEv
FNDA:0,_ZNSt15_Sp_counted_ptrIDnLN9__gnu_cxx12_Lock_policyE2EE10_M_disposeEv
FNF:3
FNH:1
DA:126,0
DA:127,0
DA:143,8
DA:147,16
DA:150,8
DA:162,16
DA:166,8
DA:169,8
DA:399,0
DA:661,8
DA:662,8
LF:11
LH:8
end_of_record
SF:/usr/include/c++/6/bits/stl_iterator_base_funcs.h
DA:102,20
LF:1
LH:1
end_of_record
SF:/usr/include/c++/6/bits/stl_vector.h
DA:656,4
LF:1
LH:1
end_of_record
SF:/usr/include/c++/6/ext/atomicity.h
DA:49,16
DA:67,0
DA:68,0
DA:81,16
LF:4
LH:2
end_of_record
SF:/usr/include/c++/6/ext/new_allocator.h
DA:110,12
LF:1
LH:1
end_of_record
SF:/usr/include/c++/6/iostream
DA:74,1
LF:1
LH:1
end_of_record
SF:/usr/include/c++/6/ostream
DA:171,0
LF:1
LH:0
end_of_record
SF:/usr/include/c++/6/sstream
FN:65,_ZNSt7__cxx1115basic_stringbufIcSt11char_traitsIcESaIcEED0Ev
FN:65,_ZNSt7__cxx1115basic_stringbufIcSt11char_traitsIcESaIcEED2Ev
FNDA:0,_ZNSt7__cxx1115basic_stringbufIcSt11char_traitsIcESaIcEED0Ev
FNDA:0,_ZNSt7__cxx1115basic_stringbufIcSt11char_traitsIcESaIcEED2Ev
FNF:2
FNH:0
DA:65,0
DA:766,0
LF:2
LH:0
end_of_record
SF:/usr/include/c++/6/streambuf
DA:198,0
LF:1
LH:0
end_of_record
SF:/media/sf_HOME/4 sem/project/googletest/googletest/include/gtest/gtest-printers.h
FN:980,_ZN7testing13PrintToStringImEENSt7__cxx1112basic_stringIcSt11char_traitsIcESaIcEEERKT_
FN:980,_ZN7testing13PrintToStringIiEENSt7__cxx1112basic_stringIcSt11char_traitsIcESaIcEEERKT_
FNDA:0,_ZN7testing13PrintToStringImEENSt7__cxx1112basic_stringIcSt11char_traitsIcESaIcEEERKT_
FNDA:0,_ZN7testing13PrintToStringIiEENSt7__cxx1112basic_stringIcSt11char_traitsIcESaIcEEERKT_
FNF:2
FNH:0
DA:249,0
DA:276,0
DA:980,0
DA:981,0
DA:983,0
LF:5
LH:0
end_of_record
SF:/media/sf_HOME/4 sem/project/googletest/googletest/include/gtest/gtest.h
FN:389,_ZN7testing4Test13SetUpTestCaseEv
FN:397,_ZN7testing4Test16TearDownTestCaseEv
FN:474,_ZN7testing4Test5SetupEv
FN:1375,_ZN7testing8internal18CmpHelperEQFailureIiiEENS_15AssertionResultEPKcS4_RKT_RKT0_
FN:1375,_ZN7testing8internal18CmpHelperEQFailureIimEENS_15AssertionResultEPKcS4_RKT_RKT0_
FN:1387,_ZN7testing8internal11CmpHelperEQIimEENS_15AssertionResultEPKcS4_RKT_RKT0_
FN:1387,_ZN7testing8internal11CmpHelperEQIiiEENS_15AssertionResultEPKcS4_RKT_RKT0_
FNDA:0,_ZN7testing4Test13SetUpTestCaseEv
FNDA:0,_ZN7testing4Test16TearDownTestCaseEv
FNDA:0,_ZN7testing4Test5SetupEv
FNDA:0,_ZN7testing8internal18CmpHelperEQFailureIimEENS_15AssertionResultEPKcS4_RKT_RKT0_
FNDA:0,_ZN7testing8internal18CmpHelperEQFailureIiiEENS_15AssertionResultEPKcS4_RKT_RKT0_
FNDA:11,_ZN7testing8internal11CmpHelperEQIimEENS_15AssertionResultEPKcS4_RKT_RKT0_
FNDA:0,_ZN7testing8internal11CmpHelperEQIiiEENS_15AssertionResultEPKcS4_RKT_RKT0_
FNF:7
FNH:1
DA:298,0
DA:389,0
DA:397,0
DA:474,0
DA:1375,0
DA:1382,0
DA:1387,11
DA:1392,11
DA:1393,11
DA:1397,0
DA:1421,7
DA:1459,9
LF:12
LH:5
end_of_record
SF:/media/sf_HOME/4 sem/project/googletest/googletest/include/gtest/internal/gtest-internal.h
FN:482,_ZN7testing8internal15TestFactoryImplI44ReportControllerTest_NoTransactionsUser_TestED2Ev
FN:482,_ZN7testing8internal15TestFactoryImplI33ReportControllerTest_Normal1_TestED0Ev
FN:482,_ZN7testing8internal15TestFactoryImplI48ReportControllerTest_NoTransactionsInterval_TestED0Ev
FN:482,_ZN7testing8internal15TestFactoryImplI48ReportControllerTest_NoTransactionsInterval_TestED2Ev
FN:482,_ZN7testing8internal15TestFactoryImplI33ReportControllerTest_Normal1_TestED2Ev
FN:482,_ZN7testing8internal15TestFactoryImplI33ReportControllerTest_Normal2_TestED2Ev
FN:482,_ZN7testing8internal15TestFactoryImplI44ReportControllerTest_NoTransactionsUser_TestED0Ev
FN:482,_ZN7testing8internal15TestFactoryImplI33ReportControllerTest_Normal2_TestED0Ev
FNDA:1,_ZN7testing8internal15TestFactoryImplI44ReportControllerTest_NoTransactionsUser_TestED0Ev
FNDA:0,_ZN7testing8internal15TestFactoryImplI44ReportControllerTest_NoTransactionsUser_TestED2Ev
FNDA:1,_ZN7testing8internal15TestFactoryImplI48ReportControllerTest_NoTransactionsInterval_TestED0Ev
FNDA:0,_ZN7testing8internal15TestFactoryImplI48ReportControllerTest_NoTransactionsInterval_TestED2Ev
FNDA:1,_ZN7testing8internal15TestFactoryImplI33ReportControllerTest_Normal1_TestED0Ev
FNDA:0,_ZN7testing8internal15TestFactoryImplI33ReportControllerTest_Normal1_TestED2Ev
FNDA:1,_ZN7testing8internal15TestFactoryImplI33ReportControllerTest_Normal2_TestED0Ev
FNDA:0,_ZN7testing8internal15TestFactoryImplI33ReportControllerTest_Normal2_TestED2Ev
FNDA:1,_ZN7testing8internal15TestFactoryImplI44ReportControllerTest_NoTransactionsUser_TestE10CreateTestEv
FNDA:1,_ZN7testing8internal15TestFactoryImplI48ReportControllerTest_NoTransactionsInterval_TestE10CreateTestEv
FNDA:1,_ZN7testing8internal15TestFactoryImplI33ReportControllerTest_Normal1_TestE10CreateTestEv
FNDA:1,_ZN7testing8internal15TestFactoryImplI33ReportControllerTest_Normal2_TestE10CreateTestEv
FNF:12
FNH:8
DA:473,4
DA:482,8
DA:484,8
DA:505,8
LF:4
LH:4
end_of_record
SF:/media/sf_HOME/4 sem/project/googletest/googletest/include/gtest/internal/gtest-port.h
FN:1142,_ZN7testing8internal10scoped_ptrINSt7__cxx1118basic_stringstreamIcSt11char_traitsIcESaIcEEEE5resetEPS7_
FN:1142,_ZN7testing8internal10scoped_ptrINSt7__cxx1112basic_stringIcSt11char_traitsIcESaIcEEEE5resetEPS7_
FNDA:0,_ZN7testing8internal10scoped_ptrINSt7__cxx1118basic_stringstreamIcSt11char_traitsIcESaIcEEEE5resetEPS7_
FNDA:16,_ZN7testing8internal10scoped_ptrINSt7__cxx1112basic_stringIcSt11char_traitsIcESaIcEEEE5resetEPS7_
FNF:2
FNH:1
DA:1130,0
DA:1134,0
DA:1142,16
DA:1143,16
DA:1144,0
DA:1145,0
DA:1147,0
DA:1149,16
LF:8
LH:3
end_of_record
SF:/media/sf_HOME/4 sem/project/include/model/User.hpp
FN:3,_ZN4UserD2Ev
FNDA:4,_ZN4UserD2Ev
FNF:1
FNH:1
DA:3,8
LF:1
LH:1
end_of_record
SF:/media/sf_HOME/4 sem/project/test/src/ReportControllerTest.cpp
FN:8,_ZN44ReportControllerTest_NoTransactionsUser_Test8TestBodyEv
FN:8,_ZN44ReportControllerTest_NoTransactionsUser_TestD0Ev
FN:8,_ZN44ReportControllerTest_NoTransactionsUser_TestD2Ev
FN:19,_ZN48ReportControllerTest_NoTransactionsInterval_TestD0Ev
FN:19,_ZN48ReportControllerTest_NoTransactionsInterval_Test8TestBodyEv
FN:19,_ZN48ReportControllerTest_NoTransactionsInterval_TestD2Ev
FN:29,_ZN33ReportControllerTest_Normal1_TestD2Ev
FN:29,_ZN33ReportControllerTest_Normal1_Test8TestBodyEv
FN:29,_ZN33ReportControllerTest_Normal1_TestD0Ev
FN:39,_ZN33ReportControllerTest_Normal2_Test8TestBodyEv
FN:39,_ZN33ReportControllerTest_Normal2_TestD2Ev
FN:39,_ZN33ReportControllerTest_Normal2_TestD0Ev
FN:47,_GLOBAL__sub_I__ZN44ReportControllerTest_NoTransactionsUser_Test10test_info_E
FN:47,_Z41__static_initialization_and_destruction_0ii
FNDA:1,_ZN44ReportControllerTest_NoTransactionsUser_TestD0Ev
FNDA:0,_ZN44ReportControllerTest_NoTransactionsUser_TestD2Ev
FNDA:1,_ZN44ReportControllerTest_NoTransactionsUser_Test8TestBodyEv
FNDA:1,_ZN48ReportControllerTest_NoTransactionsInterval_TestD0Ev
FNDA:0,_ZN48ReportControllerTest_NoTransactionsInterval_TestD2Ev
FNDA:1,_ZN48ReportControllerTest_NoTransactionsInterval_Test8TestBodyEv
FNDA:1,_ZN33ReportControllerTest_Normal1_TestD0Ev
FNDA:0,_ZN33ReportControllerTest_Normal1_TestD2Ev
FNDA:1,_ZN33ReportControllerTest_Normal1_Test8TestBodyEv
FNDA:1,_ZN33ReportControllerTest_Normal2_TestD0Ev
FNDA:0,_ZN33ReportControllerTest_Normal2_TestD2Ev
FNDA:1,_ZN33ReportControllerTest_Normal2_Test8TestBodyEv
FNDA:1,_GLOBAL__sub_I__ZN44ReportControllerTest_NoTransactionsUser_Test10test_info_E
FNDA:1,_Z41__static_initialization_and_destruction_0ii
FNF:14
FNH:10
DA:8,8
DA:9,2
DA:11,3
DA:12,1
DA:13,2
DA:14,2
DA:15,2
DA:16,3
DA:19,8
DA:20,2
DA:21,3
DA:22,1
DA:23,2
DA:24,2
DA:25,2
DA:26,3
DA:29,8
DA:30,2
DA:31,3
DA:32,1
DA:33,3
DA:34,2
DA:35,2
DA:36,2
DA:39,8
DA:40,2
DA:41,3
DA:42,1
DA:43,3
DA:44,2
DA:45,2
DA:46,2
DA:47,3
LF:33
LH:33
end_of_record
TN:
SF:/usr/include/c++/6/bits/basic_string.h
DA:109,8
DA:110,8
DA:128,0
DA:132,8
DA:142,8
DA:160,0
DA:166,8
DA:180,0
DA:196,8
DA:297,8
DA:397,8
DA:400,8
DA:558,0
LF:13
LH:9
end_of_record
SF:/usr/include/c++/6/bits/basic_string.tcc
FN:206,_ZNSt7__cxx1112basic_stringIcSt11char_traitsIcESaIcEE12_M_constructIPcEEvT_S7_St20forward_iterator_tag.isra.15
FNDA:8,_ZNSt7__cxx1112basic_stringIcSt11char_traitsIcESaIcEE12_M_constructIPcEEvT_S7_St20forward_iterator_tag.isra.15
FNF:1
FNH:1
DA:206,8
DA:211,8
DA:212,0
DA:215,8
DA:217,8
DA:219,0
DA:220,0
DA:232,8
DA:233,8
LF:9
LH:6
end_of_record
SF:/usr/include/c++/6/bits/char_traits.h
DA:243,8
DA:288,8
DA:290,8
LF:3
LH:3
end_of_record
SF:/usr/include/c++/6/bits/stl_iterator_base_funcs.h
DA:102,8
LF:1
LH:1
end_of_record
SF:/usr/include/c++/6/ext/new_allocator.h
DA:110,0
LF:1
LH:0
end_of_record
SF:/media/sf_HOME/4 sem/project/src/model/User.cpp
FN:3,_ZN4UserC2ENSt7__cxx1112basic_stringIcSt11char_traitsIcESaIcEEES5_ii
FN:6,_ZNK4User8get_nameB5cxx11Ev
FN:10,_ZNK4User9get_loginB5cxx11Ev
FN:14,_ZNK4User11get_accountEv
FN:18,_ZNK4User11get_balanceEv
FNDA:4,_ZN4UserC2ENSt7__cxx1112basic_stringIcSt11char_traitsIcESaIcEEES5_ii
FNDA:0,_ZNK4User8get_nameB5cxx11Ev
FNDA:0,_ZNK4User9get_loginB5cxx11Ev
FNDA:25,_ZNK4User11get_accountEv
FNDA:0,_ZNK4User11get_balanceEv
FNF:5
FNH:2
DA:3,4
DA:4,12
DA:6,0
DA:7,0
DA:10,0
DA:11,0
DA:14,25
DA:15,25
DA:18,0
DA:19,0
LF:10
LH:4
end_of_record
TN:
SF:/usr/include/c++/6/bits/basic_string.h
FN:454,_ZNSt7__cxx1112basic_stringIcSt11char_traitsIcESaIcEEC2EPKcRKS3_.isra.24
FN:5058,_ZSteqIcEN9__gnu_cxx11__enable_ifIXsrSt9__is_charIT_E7__valueEbE6__typeERKNSt7__cxx1112basic_stringIS3_St11char_traitsIS3_ESaIS3_EEESE_
FNDA:0,_ZNSt7__cxx1112basic_stringIcSt11char_traitsIcESaIcEEC2EPKcRKS3_.isra.24
FNDA:0,_ZSteqIcEN9__gnu_cxx11__enable_ifIXsrSt9__is_charIT_E7__valueEbE6__typeERKNSt7__cxx1112basic_stringIS3_St11char_traitsIS3_ESaIS3_EEESE_
FNF:2
FNH:0
DA:109,0
DA:110,0
DA:128,0
DA:132,0
DA:142,0
DA:152,4
DA:160,0
DA:166,0
DA:180,4
DA:196,0
DA:297,0
DA:454,0
DA:456,0
DA:5058,0
DA:5061,0
DA:5062,0
LF:16
LH:2
end_of_record
SF:/usr/include/c++/6/bits/basic_string.tcc
FN:206,_ZNSt7__cxx1112basic_stringIcSt11char_traitsIcESaIcEE12_M_constructIPKcEEvT_S8_St20forward_iterator_tag.isra.22
FNDA:0,_ZNSt7__cxx1112basic_stringIcSt11char_traitsIcESaIcEE12_M_constructIPKcEEvT_S8_St20forward_iterator_tag.isra.22
FNF:1
FNH:0
DA:206,0
DA:211,0
DA:212,0
DA:215,0
DA:217,0
DA:219,0
DA:220,0
DA:232,0
DA:233,0
LF:9
LH:0
end_of_record
SF:/usr/include/c++/6/bits/char_traits.h
DA:243,0
DA:260,0
DA:262,0
DA:267,0
DA:288,0
DA:290,0
LF:6
LH:0
end_of_record
SF:/usr/include/c++/6/bits/shared_ptr.h
DA:93,0
DA:107,0
LF:2
LH:0
end_of_record
SF:/usr/include/c++/6/bits/shared_ptr_base.h
FN:126,_ZNSt16_Sp_counted_baseILN9__gnu_cxx12_Lock_policyE2EE10_M_destroyEv
FN:143,_ZNSt16_Sp_counted_baseILN9__gnu_cxx12_Lock_policyE2EE10_M_releaseEv
FN:363,_ZNSt15_Sp_counted_ptrIP10FileReaderLN9__gnu_cxx12_Lock_policyE2EED2Ev
FN:363,_ZNSt15_Sp_counted_ptrIP10FileReaderLN9__gnu_cxx12_Lock_policyE2EED0Ev
FN:371,_ZNSt15_Sp_counted_ptrIP10FileReaderLN9__gnu_cxx12_Lock_policyE2EE10_M_disposeEv
FN:375,_ZNSt15_Sp_counted_ptrIP10FileReaderLN9__gnu_cxx12_Lock_policyE2EE10_M_destroyEv
FN:379,_ZNSt15_Sp_counted_ptrIP10FileReaderLN9__gnu_cxx12_Lock_policyE2EE14_M_get_deleterERKSt9type_info
FN:399,_ZNSt15_Sp_counted_ptrIDnLN9__gnu_cxx12_Lock_policyE2EE10_M_disposeEv
FN:568,_ZNSt14__shared_countILN9__gnu_cxx12_Lock_policyE2EEC2IP10FileReaderEET_
FN:926,_ZNSt12__shared_ptrI4UserLN9__gnu_cxx12_Lock_policyE2EEC2ERKS3_
FNDA:0,_ZNSt16_Sp_counted_baseILN9__gnu_cxx12_Lock_policyE2EE10_M_destroyEv
FNDA:0,_ZNSt16_Sp_counted_baseILN9__gnu_cxx12_Lock_policyE2EE10_M_releaseEv
FNDA:0,_ZNSt15_Sp_counted_ptrIP10FileReaderLN9__gnu_cxx12_Lock_policyE2EED0Ev
FNDA:0,_ZNSt15_Sp_counted_ptrIP10FileReaderLN9__gnu_cxx12_Lock_policyE2EED2Ev
FNDA:4,_ZNSt15_Sp_counted_ptrIP10FileReaderLN9__gnu_cxx12_Lock_policyE2EE10_M_disposeEv
FNDA:4,_ZNSt15_Sp_counted_ptrIP10FileReaderLN9__gnu_cxx12_Lock_policyE2EE10_M_destroyEv
FNDA:0,_ZNSt15_Sp_counted_ptrIP10FileReaderLN9__gnu_cxx12_Lock_policyE2EE14_M_get_deleterERKSt9type_info
FNDA:0,_ZNSt15_Sp_counted_ptrIDnLN9__gnu_cxx12_Lock_policyE2EE10_M_disposeEv
FNDA:0,_ZNSt14__shared_countILN9__gnu_cxx12_Lock_policyE2EEC2IP10FileReaderEET_
FNDA:0,_ZNSt12__shared_ptrI4UserLN9__gnu_cxx12_Lock_policyE2EEC2ERKS3_
FNF:10
FNH:2
DA:112,0
DA:113,0
DA:126,0
DA:127,0
DA:134,0
DA:143,0
DA:147,0
DA:150,0
DA:162,0
DA:166,0
DA:169,0
DA:363,4
DA:367,0
DA:368,0
DA:371,4
DA:372,8
DA:375,4
DA:376,4
DA:379,0
DA:380,0
DA:399,0
DA:563,0
DA:568,0
DA:572,0
DA:574,0
DA:576,0
DA:577,0
DA:579,0
DA:661,0
DA:662,0
DA:665,0
DA:666,0
DA:668,0
DA:690,0
DA:692,0
DA:880,0
DA:884,0
DA:885,0
DA:926,0
DA:936,0
LF:40
LH:5
end_of_record
SF:/usr/include/c++/6/bits/stl_construct.h
DA:102,0
LF:1
LH:0
end_of_record
SF:/usr/include/c++/6/bits/stl_iterator.h
DA:777,0
DA:799,0
LF:2
LH:0
end_of_record
SF:/usr/include/c++/6/bits/stl_iterator_base_funcs.h
DA:102,0
LF:1
LH:0
end_of_record
SF:/usr/include/c++/6/bits/stl_vector.h
FNDA:0,_ZNSt6vectorISt10shared_ptrI4UserESaIS2_EED2Ev
FNF:1
FNH:0
DA:161,0
DA:177,0
DA:425,0
DA:426,0
DA:427,0
LF:5
LH:0
end_of_record
SF:/usr/include/c++/6/ext/atomicity.h
DA:49,0
DA:53,0
DA:67,0
DA:68,0
DA:74,0
DA:81,0
DA:95,0
LF:7
LH:0
end_of_record
SF:/usr/include/c++/6/ext/new_allocator.h
DA:110,4
LF:1
LH:1
end_of_record
SF:/media/sf_HOME/4 sem/project/include/interface/FileReader.hpp
DA:8,4
LF:1
LH:1
end_of_record
SF:/media/sf_HOME/4 sem/project/src/controller/LoginController.cpp
FNDA:0,_ZN15LoginControllerC2Ev
FNDA:0,_ZN15LoginController8get_userENSt7__cxx1112basic_stringIcSt11char_traitsIcESaIcEEE
FNF:2
FNH:0
DA:5,0
DA:7,0
DA:8,0
DA:9,0
DA:10,0
LF:5
LH:0
end_of_record
TN:
SF:/usr/include/c++/6/bits/basic_string.h
DA:109,481
DA:110,481
DA:128,482
DA:132,1184
DA:142,481
DA:152,739
DA:160,1
DA:166,222
DA:180,480
DA:297,222
DA:476,481
DA:479,481
DA:487,1
DA:558,258
LF:14
LH:14
end_of_record
SF:/usr/include/c++/6/bits/basic_string.tcc
FNDA:222,_ZNSt7__cxx1112basic_stringIcSt11char_traitsIcESaIcEE12_M_constructIPKcEEvT_S8_St20forward_iterator_tag.isra.21
FNF:1
FNH:1
DA:206,222
DA:211,222
DA:212,0
DA:215,222
DA:217,222
DA:219,0
DA:220,0
DA:232,222
DA:233,222
LF:9
LH:6
end_of_record
SF:/usr/include/c++/6/bits/char_traits.h
DA:243,803
DA:288,122
DA:290,109
LF:3
LH:3
end_of_record
SF:/usr/include/c++/6/bits/stl_algobase.h
DA:224,198
LF:1
LH:1
end_of_record
SF:/usr/include/c++/6/bits/stl_construct.h
DA:75,258
DA:102,714
LF:2
LH:2
end_of_record
SF:/usr/include/c++/6/bits/stl_iterator.h
DA:1041,456
DA:1054,258
LF:2
LH:2
end_of_record
SF:/usr/include/c++/6/bits/stl_iterator_base_funcs.h
DA:102,222
LF:1
LH:1
end_of_record
SF:/usr/include/c++/6/bits/stl_uninitialized.h
FNDA:198,_ZNSt20__uninitialized_copyILb0EE13__uninit_copyISt13move_iteratorIPNSt7__cxx1112basic_stringIcSt11char_traitsIcESaIcEEEES9_EET0_T_SC_SB_
FNF:1
FNH:1
DA:68,198
DA:74,714
DA:76,198
DA:126,198
LF:4
LH:4
end_of_record
SF:/usr/include/c++/6/bits/stl_vector.h
FN:167,_ZNSt12_Vector_baseINSt7__cxx1112basic_stringIcSt11char_traitsIcESaIcEEESaIS5_EE11_M_allocateEm.isra.29
FN:1420,_ZNKSt6vectorINSt7__cxx1112basic_stringIcSt11char_traitsIcESaIcEEESaIS5_EE12_M_check_lenEmPKc.isra.26
FNDA:198,_ZNSt12_Vector_baseINSt7__cxx1112basic_stringIcSt11char_traitsIcESaIcEEESaIS5_EE11_M_allocateEm.isra.29
FNDA:0,_ZNSt6vectorINSt7__cxx1112basic_stringIcSt11char_traitsIcESaIcEEESaIS5_EED2Ev
FNDA:198,_ZNKSt6vectorINSt7__cxx1112basic_stringIcSt11char_traitsIcESaIcEEESaIS5_EE12_M_check_lenEmPKc.isra.26
FNF:3
FNH:2
DA:87,65
DA:161,0
DA:167,198
DA:170,396
DA:177,198
DA:425,0
DA:426,0
DA:427,0
DA:656,396
DA:933,222
DA:1420,198
DA:1422,198
DA:1423,0
DA:1425,396
DA:1426,198
LF:15
LH:10
end_of_record
SF:/usr/include/c++/6/bits/vector.tcc
FNDA:223,_ZNSt6vectorINSt7__cxx1112basic_stringIcSt11char_traitsIcESaIcEEESaIS5_EE12emplace_backIJS5_EEEvDpOT_
FNDA:198,_ZNSt6vectorINSt7__cxx1112basic_stringIcSt11char_traitsIcESaIcEEESaIS5_EE19_M_emplace_back_auxIJS5_EEEvDpOT_
FNF:2
FNH:2
DA:91,223
DA:94,223
DA:98,25
DA:101,198
DA:102,223
DA:407,198
DA:411,198
DA:412,198
DA:416,198
DA:422,198
DA:425,198
DA:436,198
DA:440,198
DA:441,198
DA:442,198
DA:443,198
DA:444,198
LF:17
LH:17
end_of_record
SF:/usr/include/c++/6/ext/new_allocator.h
DA:101,198
DA:102,0
DA:104,198
DA:110,132
DA:120,223
LF:5
LH:4
end_of_record
SF:/usr/include/c++/6/iostream
DA:74,1
LF:1
LH:1
end_of_record
SF:/media/sf_HOME/4 sem/project/src/utils/Splitter.cpp
FN:5,_ZN8SplitterC2Ec
FN:19,_GLOBAL__sub_I__ZN8SplitterC2Ec
FNDA:41,_ZN8SplitterC2Ec
FNDA:65,_ZNK8Splitter5splitERKNSt7__cxx1112basic_stringIcSt11char_traitsIcESaIcEEE
FNDA:1,_GLOBAL__sub_I__ZN8SplitterC2Ec
FNF:3
FNH:3
DA:5,41
DA:7,65
DA:12,379
DA:13,314
DA:14,157
DA:16,130
DA:18,65
DA:19,2
LF:8
LH:8
end_of_record
TN:
SF:/usr/include/c++/6/bits/basic_string.h
DA:109,4
DA:110,4
DA:128,4
DA:132,4
DA:152,0
DA:160,4
DA:166,4
DA:180,4
DA:196,4
DA:297,4
DA:397,4
DA:400,4
LF:12
LH:11
end_of_record
SF:/usr/include/c++/6/bits/basic_string.tcc
FN:206,_ZNSt7__cxx1112basic_stringIcSt11char_traitsIcESaIcEE12_M_constructIPcEEvT_S7_St20forward_iterator_tag.isra.27
FNDA:4,_ZNSt7__cxx1112basic_stringIcSt11char_traitsIcESaIcEE12_M_constructIPcEEvT_S7_St20forward_iterator_tag.isra.27
FNF:1
FNH:1
DA:206,4
DA:211,4
DA:212,0
DA:215,4
DA:217,4
DA:219,4
DA:220,4
DA:232,4
DA:233,4
LF:9
LH:8
end_of_record
SF:/usr/include/c++/6/bits/char_traits.h
DA:243,4
DA:288,4
DA:290,4
LF:3
LH:3
end_of_record
SF:/usr/include/c++/6/bits/shared_ptr.h
DA:93,38
DA:107,8
LF:2
LH:2
end_of_record
SF:/usr/include/c++/6/bits/shared_ptr_base.h
FN:126,_ZNSt16_Sp_counted_baseILN9__gnu_cxx12_Lock_policyE2EE10_M_destroyEv
FN:143,_ZNSt16_Sp_counted_baseILN9__gnu_cxx12_Lock_policyE2EE10_M_releaseEv
FN:363,_ZNSt15_Sp_counted_ptrIP6ReportLN9__gnu_cxx12_Lock_policyE2EED0Ev
FN:363,_ZNSt15_Sp_counted_ptrIP10FileReaderLN9__gnu_cxx12_Lock_policyE2EED0Ev
FN:363,_ZNSt15_Sp_counted_ptrIP6ReportLN9__gnu_cxx12_Lock_policyE2EED2Ev
FN:363,_ZNSt15_Sp_counted_ptrIP10FileReaderLN9__gnu_cxx12_Lock_policyE2EED2Ev
FN:371,_ZNSt15_Sp_counted_ptrIP6ReportLN9__gnu_cxx12_Lock_policyE2EE10_M_disposeEv
FN:371,_ZNSt15_Sp_counted_ptrIP10FileReaderLN9__gnu_cxx12_Lock_policyE2EE10_M_disposeEv
FN:375,_ZNSt15_Sp_counted_ptrIP10FileReaderLN9__gnu_cxx12_Lock_policyE2EE10_M_destroyEv
FN:375,_ZNSt15_Sp_counted_ptrIP6ReportLN9__gnu_cxx12_Lock_policyE2EE10_M_destroyEv
FN:379,_ZNSt15_Sp_counted_ptrIP10FileReaderLN9__gnu_cxx12_Lock_policyE2EE14_M_get_deleterERKSt9type_info
FN:379,_ZNSt15_Sp_counted_ptrIP6ReportLN9__gnu_cxx12_Lock_policyE2EE14_M_get_deleterERKSt9type_info
FN:399,_ZNSt15_Sp_counted_ptrIDnLN9__gnu_cxx12_Lock_policyE2EE10_M_disposeEv
FN:568,_ZNSt14__shared_countILN9__gnu_cxx12_Lock_policyE2EEC2IP6ReportEET_
FN:568,_ZNSt14__shared_countILN9__gnu_cxx12_Lock_policyE2EEC2IP10FileReaderEET_
FN:926,_ZNSt12__shared_ptrI11TransactionLN9__gnu_cxx12_Lock_policyE2EEC2ERKS3_
FNDA:0,_ZNSt16_Sp_counted_baseILN9__gnu_cxx12_Lock_policyE2EE10_M_destroyEv
FNDA:36,_ZNSt16_Sp_counted_baseILN9__gnu_cxx12_Lock_policyE2EE10_M_releaseEv
FNDA:0,_ZNSt15_Sp_counted_ptrIP10FileReaderLN9__gnu_cxx12_Lock_policyE2EED0Ev
FNDA:0,_ZNSt15_Sp_counted_ptrIP10FileReaderLN9__gnu_cxx12_Lock_policyE2EED2Ev
FNDA:0,_ZNSt15_Sp_counted_ptrIP6ReportLN9__gnu_cxx12_Lock_policyE2EED0Ev
FNDA:0,_ZNSt15_Sp_counted_ptrIP6ReportLN9__gnu_cxx12_Lock_policyE2EED2Ev
FNDA:0,_ZNSt15_Sp_counted_ptrIP10FileReaderLN9__gnu_cxx12_Lock_policyE2EE10_M_disposeEv
FNDA:4,_ZNSt15_Sp_counted_ptrIP6ReportLN9__gnu_cxx12_Lock_policyE2EE10_M_disposeEv
FNDA:0,_ZNSt15_Sp_counted_ptrIP10FileReaderLN9__gnu_cxx12_Lock_policyE2EE10_M_destroyEv
FNDA:4,_ZNSt15_Sp_counted_ptrIP6ReportLN9__gnu_cxx12_Lock_policyE2EE10_M_destroyEv
FNDA:0,_ZNSt15_Sp_counted_ptrIP10FileReaderLN9__gnu_cxx12_Lock_policyE2EE14_M_get_deleterERKSt9type_info
FNDA:0,_ZNSt15_Sp_counted_ptrIP6ReportLN9__gnu_cxx12_Lock_policyE2EE14_M_get_deleterERKSt9type_info
FNDA:0,_ZNSt15_Sp_counted_ptrIDnLN9__gnu_cxx12_Lock_policyE2EE10_M_disposeEv
FNDA:4,_ZNSt14__shared_countILN9__gnu_cxx12_Lock_policyE2EEC2IP6ReportEET_
FNDA:4,_ZNSt14__shared_countILN9__gnu_cxx12_Lock_policyE2EEC2IP10FileReaderEET_
FNDA:8,_ZNSt12__shared_ptrI11TransactionLN9__gnu_cxx12_Lock_policyE2EEC2ERKS3_
FNF:16
FNH:6
DA:112,8
DA:113,8
DA:126,0
DA:127,0
DA:134,8
DA:143,36
DA:147,72
DA:150,24
DA:162,48
DA:166,24
DA:169,36
DA:363,4
DA:367,8
DA:368,8
DA:371,4
DA:372,8
DA:375,4
DA:376,4
DA:379,0
DA:380,0
DA:399,0
DA:563,2
DA:568,8
DA:572,16
DA:574,0
DA:576,0
DA:577,0
DA:579,8
DA:661,38
DA:662,36
DA:665,8
DA:666,8
DA:668,8
DA:690,2
DA:691,2
DA:692,2
DA:884,4
DA:885,8
DA:926,16
DA:935,2
DA:936,2
DA:939,2
LF:42
LH:34
end_of_record
SF:/usr/include/c++/6/bits/stl_algobase.h
DA:224,4
LF:1
LH:1
end_of_record
SF:/usr/include/c++/6/bits/stl_construct.h
DA:75,6
DA:102,96
LF:2
LH:2
end_of_record
SF:/usr/include/c++/6/bits/stl_iterator.h
DA:777,4
DA:799,28
DA:1054,2
LF:3
LH:3
end_of_record
SF:/usr/include/c++/6/bits/stl_iterator_base_funcs.h
DA:102,4
LF:1
LH:1
end_of_record
SF:/usr/include/c++/6/bits/stl_uninitialized.h
DA:74,20
LF:1
LH:1
end_of_record
SF:/usr/include/c++/6/bits/stl_vector.h
FN:167,_ZNSt12_Vector_baseISt10shared_ptrI11TransactionESaIS2_EE11_M_allocateEm.isra.35
FN:320,_ZNSt6vectorISt10shared_ptrI11TransactionESaIS2_EEC2ERKS4_
FN:914,_ZNSt6vectorISt10shared_ptrI11TransactionESaIS2_EE9push_backERKS2_
FN:1420,_ZNKSt6vectorISt10shared_ptrI11TransactionESaIS2_EE12_M_check_lenEmPKc.isra.32
FNDA:8,_ZNSt12_Vector_baseISt10shared_ptrI11TransactionESaIS2_EE11_M_allocateEm.isra.35
FNDA:4,_ZNSt6vectorISt10shared_ptrI11TransactionESaIS2_EEC2ERKS4_
FNDA:16,_ZNSt6vectorISt10shared_ptrI11TransactionESaIS2_EED2Ev
FNDA:4,_ZNSt6vectorISt10shared_ptrI11TransactionESaIS2_EE9push_backERKS2_
FNDA:4,_ZNKSt6vectorISt10shared_ptrI11TransactionESaIS2_EE12_M_check_lenEmPKc.isra.32
FNF:5
FNH:5
DA:86,4
DA:87,4
DA:90,4
DA:91,4
DA:161,16
DA:167,8
DA:170,16
DA:177,20
DA:185,4
DA:186,4
DA:187,4
DA:320,4
DA:323,4
DA:327,4
DA:425,16
DA:426,16
DA:427,16
DA:656,12
DA:914,4
DA:916,4
DA:920,0
DA:924,4
DA:928,4
DA:1420,4
DA:1422,4
DA:1423,0
DA:1425,8
DA:1426,4
LF:28
LH:26
end_of_record
SF:/usr/include/c++/6/bits/vector.tcc
FNDA:4,_ZNSt6vectorISt10shared_ptrI11TransactionESaIS2_EE19_M_emplace_back_auxIJRKS2_EEEvDpOT_
FNF:1
FNH:1
DA:407,4
DA:411,4
DA:412,4
DA:416,4
DA:422,4
DA:425,4
DA:440,4
DA:441,4
DA:442,4
DA:443,4
DA:444,4
LF:11
LH:11
end_of_record
SF:/usr/include/c++/6/ext/atomicity.h
DA:49,60
DA:53,8
DA:67,0
DA:68,0
DA:74,0
DA:81,60
DA:95,8
LF:7
LH:4
end_of_record
SF:/usr/include/c++/6/ext/new_allocator.h
DA:101,6
DA:102,0
DA:104,6
DA:110,16
DA:120,4
LF:5
LH:4
end_of_record
SF:/media/sf_HOME/4 sem/project/include/interface/FileReader.hpp
DA:8,0
LF:1
LH:0
end_of_record
SF:/media/sf_HOME/4 sem/project/include/model/Report.hpp
DA:7,4
LF:1
LH:1
end_of_record
SF:/media/sf_HOME/4 sem/project/src/controller/ReportController.cpp
FNDA:4,_ZN16ReportControllerC2ENSt7__cxx1112basic_stringIcSt11char_traitsIcESaIcEEE
FNDA:4,_ZNK16ReportController11make_reportERK4UserRK4DateS5_
FNF:2
FNH:2
DA:7,4
DA:8,8
DA:10,4
DA:14,8
DA:15,4
DA:18,28
DA:19,64
DA:20,34
DA:21,4
DA:22,4
DA:23,3
DA:25,4
DA:26,1
DA:33,8
DA:34,16
LF:15
LH:15
end_of_record
TN:
SF:/usr/include/c++/6/bits/basic_string.h
DA:109,24
DA:110,24
DA:128,0
DA:132,24
DA:142,24
DA:160,0
DA:166,24
DA:196,24
DA:297,24
DA:397,24
DA:400,24
LF:11
LH:9
end_of_record
SF:/usr/include/c++/6/bits/basic_string.tcc
FN:206,_ZNSt7__cxx1112basic_stringIcSt11char_traitsIcESaIcEE12_M_constructIPcEEvT_S7_St20forward_iterator_tag.isra.15
FNDA:24,_ZNSt7__cxx1112basic_stringIcSt11char_traitsIcESaIcEE12_M_constructIPcEEvT_S7_St20forward_iterator_tag.isra.15
FNF:1
FNH:1
DA:206,24
DA:211,24
DA:212,0
DA:215,24
DA:217,24
DA:219,0
DA:220,0
DA:232,24
DA:233,24
LF:9
LH:6
end_of_record
SF:/usr/include/c++/6/bits/char_traits.h
DA:243,24
DA:288,24
DA:290,24
LF:3
LH:3
end_of_record
SF:/usr/include/c++/6/bits/stl_iterator_base_funcs.h
DA:102,24
LF:1
LH:1
end_of_record
SF:/media/sf_HOME/4 sem/project/src/model/Transaction.cpp
FN:3,_ZN11TransactionC2E4DateiiiNSt7__cxx1112basic_stringIcSt11char_traitsIcESaIcEEE
FN:10,_ZNK11Transaction8get_dateEv
FN:14,_ZNK11Transaction8get_fromEv
FN:18,_ZNK11Transaction6get_toEv
FN:22,_ZNK11Transaction10get_amountEv
FN:26,_ZN11Transaction11get_commentB5cxx11Ev
FNDA:24,_ZN11TransactionC2E4DateiiiNSt7__cxx1112basic_stringIcSt11char_traitsIcESaIcEEE
FNDA:40,_ZNK11Transaction8get_dateEv
FNDA:14,_ZNK11Transaction8get_fromEv
FNDA:11,_ZNK11Transaction6get_toEv
FNDA:4,_ZNK11Transaction10get_amountEv
FNDA:0,_ZN11Transaction11get_commentB5cxx11Ev
FNF:6
FNH:5
DA:3,24
DA:8,48
DA:10,40
DA:11,40
DA:14,14
DA:15,14
DA:18,11
DA:19,11
DA:22,4
DA:23,4
DA:26,0
DA:27,0
LF:12
LH:10
end_of_record
TN:
SF:/usr/include/c++/6/bits/basic_string.h
DA:152,78
DA:180,78
DA:558,78
DA:5414,82
LF:4
LH:4
end_of_record
SF:/usr/include/c++/6/bits/stl_construct.h
DA:102,182
LF:1
LH:1
end_of_record
SF:/usr/include/c++/6/bits/stl_vector.h
FN:425,_ZNSt6vectorINSt7__cxx1112basic_stringIcSt11char_traitsIcESaIcEEESaIS5_EED2Ev
FNDA:26,_ZNSt6vectorINSt7__cxx1112basic_stringIcSt11char_traitsIcESaIcEEESaIS5_EED2Ev
FNF:1
FNH:1
DA:161,26
DA:177,26
DA:425,26
DA:426,26
DA:427,26
DA:656,30
LF:6
LH:6
end_of_record
SF:/usr/include/c++/6/ext/new_allocator.h
DA:110,26
LF:1
LH:1
end_of_record
SF:/usr/include/c++/6/ext/string_conversions.h
FN:54,_ZN9__gnu_cxx6__stoaIlicJiEEET0_PFT_PKT1_PPS3_DpT2_EPKcS5_PmS9_
FNDA:0,_ZN9__gnu_cxx6__stoaIlicJiEEET0_PFT_PKT1_PPS3_DpT2_EPKcS5_PmS9_
FNF:1
FNH:0
DA:54,0
DA:63,0
DA:64,0
DA:68,0
DA:70,0
DA:71,0
DA:72,0
DA:73,0
DA:75,0
DA:76,0
DA:78,0
DA:80,0
DA:81,0
DA:83,0
LF:14
LH:0
end_of_record
SF:/media/sf_HOME/4 sem/project/src/utils/DateParser.cpp
FN:7,_ZN10DateParser5parseERKNSt7__cxx1112basic_stringIcSt11char_traitsIcESaIcEEE
FNDA:30,_ZN10DateParser5parseERKNSt7__cxx1112basic_stringIcSt11char_traitsIcESaIcEEE
FNF:1
FNH:1
DA:7,30
DA:8,30
DA:9,60
DA:10,30
DA:11,2
DA:15,27
DA:16,0
DA:19,27
DA:20,0
DA:23,27
DA:24,1
DA:27,52
LF:12
LH:10
end_of_record
TN:
SF:/usr/include/c++/6/bits/basic_string.h
DA:109,56
DA:110,56
DA:128,4
DA:132,56
DA:142,4
DA:152,164
DA:160,4
DA:166,52
DA:180,216
DA:196,52
DA:297,52
DA:380,4
DA:397,52
DA:400,52
DA:558,144
DA:5414,24
LF:16
LH:16
end_of_record
SF:/usr/include/c++/6/bits/basic_string.tcc
FN:206,_ZNSt7__cxx1112basic_stringIcSt11char_traitsIcESaIcEE12_M_constructIPcEEvT_S7_St20forward_iterator_tag.isra.30
FNDA:52,_ZNSt7__cxx1112basic_stringIcSt11char_traitsIcESaIcEE12_M_constructIPcEEvT_S7_St20forward_iterator_tag.isra.30
FNF:1
FNH:1
DA:206,52
DA:211,52
DA:212,0
DA:215,52
DA:217,52
DA:219,4
DA:220,4
DA:232,52
DA:233,52
LF:9
LH:8
end_of_record
SF:/usr/include/c++/6/bits/char_traits.h
DA:243,56
DA:288,52
DA:290,52
LF:3
LH:3
end_of_record
SF:/usr/include/c++/6/bits/ios_base.h
DA:166,36
LF:1
LH:1
end_of_record
SF:/usr/include/c++/6/bits/locale_facets.h
FN:872,_ZNKSt5ctypeIcE5widenEc
FN:1082,_ZNKSt5ctypeIcE8do_widenEc
FNDA:36,_ZNKSt5ctypeIcE5widenEc
FNDA:0,_ZNKSt5ctypeIcE8do_widenEc
FNF:2
FNH:1
DA:872,36
DA:874,36
DA:875,36
DA:876,0
DA:877,0
DA:1082,0
DA:1083,0
LF:7
LH:3
end_of_record
SF:/usr/include/c++/6/bits/shared_ptr.h
DA:93,28
LF:1
LH:1
end_of_record
SF:/usr/include/c++/6/bits/shared_ptr_base.h
FN:126,_ZNSt16_Sp_counted_baseILN9__gnu_cxx12_Lock_policyE2EE10_M_destroyEv
FN:143,_ZNSt16_Sp_counted_baseILN9__gnu_cxx12_Lock_policyE2EE10_M_releaseEv
FN:363,_ZNSt15_Sp_counted_ptrIP11TransactionLN9__gnu_cxx12_Lock_policyE2EED0Ev
FN:363,_ZNSt15_Sp_counted_ptrIP11TransactionLN9__gnu_cxx12_Lock_policyE2EED2Ev
FN:363,_ZNSt15_Sp_counted_ptrIP4UserLN9__gnu_cxx12_Lock_policyE2EED2Ev
FN:363,_ZNSt15_Sp_counted_ptrIP4UserLN9__gnu_cxx12_Lock_policyE2EED0Ev
FN:371,_ZNSt15_Sp_counted_ptrIP11TransactionLN9__gnu_cxx12_Lock_policyE2EE10_M_disposeEv
FN:371,_ZNSt15_Sp_counted_ptrIP4UserLN9__gnu_cxx12_Lock_policyE2EE10_M_disposeEv
FN:375,_ZNSt15_Sp_counted_ptrIP4UserLN9__gnu_cxx12_Lock_policyE2EE10_M_destroyEv
FN:375,_ZNSt15_Sp_counted_ptrIP11TransactionLN9__gnu_cxx12_Lock_policyE2EE10_M_destroyEv
FN:379,_ZNSt15_Sp_counted_ptrIP11TransactionLN9__gnu_cxx12_Lock_policyE2EE14_M_get_deleterERKSt9type_info
FN:379,_ZNSt15_Sp_counted_ptrIP4UserLN9__gnu_cxx12_Lock_policyE2EE14_M_get_deleterERKSt9type_info
FN:399,_ZNSt15_Sp_counted_ptrIDnLN9__gnu_cxx12_Lock_policyE2EE10_M_disposeEv
FN:568,_ZNSt14__shared_countILN9__gnu_cxx12_Lock_policyE2EEC2IP4UserEET_
FN:568,_ZNSt14__shared_countILN9__gnu_cxx12_Lock_policyE2EEC2IP11TransactionEET_
FNDA:0,_ZNSt16_Sp_counted_baseILN9__gnu_cxx12_Lock_policyE2EE10_M_destroyEv
FNDA:0,_ZNSt16_Sp_counted_baseILN9__gnu_cxx12_Lock_policyE2EE10_M_releaseEv
FNDA:0,_ZNSt15_Sp_counted_ptrIP11TransactionLN9__gnu_cxx12_Lock_policyE2EED0Ev
FNDA:0,_ZNSt15_Sp_counted_ptrIP11TransactionLN9__gnu_cxx12_Lock_policyE2EED2Ev
FNDA:0,_ZNSt15_Sp_counted_ptrIP4UserLN9__gnu_cxx12_Lock_policyE2EED0Ev
FNDA:0,_ZNSt15_Sp_counted_ptrIP4UserLN9__gnu_cxx12_Lock_policyE2EED2Ev
FNDA:24,_ZNSt15_Sp_counted_ptrIP11TransactionLN9__gnu_cxx12_Lock_policyE2EE10_M_disposeEv
FNDA:0,_ZNSt15_Sp_counted_ptrIP4UserLN9__gnu_cxx12_Lock_policyE2EE10_M_disposeEv
FNDA:24,_ZNSt15_Sp_counted_ptrIP11TransactionLN9__gnu_cxx12_Lock_policyE2EE10_M_destroyEv
FNDA:0,_ZNSt15_Sp_counted_ptrIP4UserLN9__gnu_cxx12_Lock_policyE2EE10_M_destroyEv
FNDA:0,_ZNSt15_Sp_counted_ptrIP11TransactionLN9__gnu_cxx12_Lock_policyE2EE14_M_get_deleterERKSt9type_info
FNDA:0,_ZNSt15_Sp_counted_ptrIP4UserLN9__gnu_cxx12_Lock_policyE2EE14_M_get_deleterERKSt9type_info
FNDA:0,_ZNSt15_Sp_counted_ptrIDnLN9__gnu_cxx12_Lock_policyE2EE10_M_disposeEv
FNDA:0,_ZNSt14__shared_countILN9__gnu_cxx12_Lock_policyE2EEC2IP4UserEET_
FNDA:24,_ZNSt14__shared_countILN9__gnu_cxx12_Lock_policyE2EEC2IP11TransactionEET_
FNF:15
FNH:3
DA:112,24
DA:113,24
DA:126,0
DA:127,0
DA:143,0
DA:147,0
DA:150,0
DA:162,0
DA:166,0
DA:169,0
DA:363,24
DA:367,24
DA:368,24
DA:371,24
DA:372,48
DA:375,24
DA:376,24
DA:379,0
DA:380,0
DA:399,0
DA:563,52
DA:568,24
DA:572,48
DA:574,0
DA:576,0
DA:577,0
DA:579,24
DA:661,52
DA:662,0
DA:690,52
DA:691,52
DA:692,52
DA:884,24
DA:885,24
DA:935,52
DA:936,52
DA:939,52
LF:37
LH:22
end_of_record
SF:/usr/include/c++/6/bits/stl_algobase.h
DA:224,16
LF:1
LH:1
end_of_record
SF:/usr/include/c++/6/bits/stl_construct.h
DA:75,28
DA:102,389
LF:2
LH:2
end_of_record
SF:/usr/include/c++/6/bits/stl_iterator.h
DA:1054,28
LF:1
LH:1
end_of_record
SF:/usr/include/c++/6/bits/stl_iterator_base_funcs.h
DA:102,52
LF:1
LH:1
end_of_record
SF:/usr/include/c++/6/bits/stl_uninitialized.h
DA:74,72
LF:1
LH:1
end_of_record
SF:/usr/include/c++/6/bits/stl_vector.h
FN:167,_ZNSt12_Vector_baseISt10shared_ptrI11TransactionESaIS2_EE11_M_allocateEm.isra.42
FN:167,_ZNSt12_Vector_baseISt10shared_ptrI4UserESaIS2_EE11_M_allocateEm.isra.49
FN:425,_ZNSt6vectorINSt7__cxx1112basic_stringIcSt11char_traitsIcESaIcEEESaIS5_EED2Ev
FN:1420,_ZNKSt6vectorISt10shared_ptrI4UserESaIS2_EE12_M_check_lenEmPKc.isra.46
FN:1420,_ZNKSt6vectorISt10shared_ptrI11TransactionESaIS2_EE12_M_check_lenEmPKc.isra.39
FNDA:0,_ZNSt12_Vector_baseISt10shared_ptrI4UserESaIS2_EE11_M_allocateEm.isra.49
FNDA:16,_ZNSt12_Vector_baseISt10shared_ptrI11TransactionESaIS2_EE11_M_allocateEm.isra.42
FNDA:0,_ZNSt6vectorISt10shared_ptrI4UserESaIS2_EED2Ev
FNDA:37,_ZNSt6vectorINSt7__cxx1112basic_stringIcSt11char_traitsIcESaIcEEESaIS5_EED2Ev
FNDA:0,_ZNSt6vectorISt10shared_ptrI11TransactionESaIS2_EED2Ev
FNDA:0,_ZNKSt6vectorISt10shared_ptrI4UserESaIS2_EE12_M_check_lenEmPKc.isra.46
FNDA:16,_ZNKSt6vectorISt10shared_ptrI11TransactionESaIS2_EE12_M_check_lenEmPKc.isra.39
FNF:7
FNH:3
DA:87,4
DA:161,37
DA:167,16
DA:170,32
DA:177,53
DA:425,37
DA:426,37
DA:427,37
DA:656,64
DA:933,24
DA:1420,16
DA:1422,16
DA:1423,0
DA:1425,32
DA:1426,16
LF:15
LH:14
end_of_record
SF:/usr/include/c++/6/bits/vector.tcc
FNDA:0,_ZNSt6vectorISt10shared_ptrI4UserESaIS2_EE12emplace_backIJS2_EEEvDpOT_
FNDA:24,_ZNSt6vectorISt10shared_ptrI11TransactionESaIS2_EE12emplace_backIJS2_EEEvDpOT_
FNDA:0,_ZNSt6vectorISt10shared_ptrI4UserESaIS2_EE19_M_emplace_back_auxIJS2_EEEvDpOT_
FNDA:16,_ZNSt6vectorISt10shared_ptrI11TransactionESaIS2_EE19_M_emplace_back_auxIJS2_EEEvDpOT_
FNF:4
FNH:2
DA:91,24
DA:94,24
DA:98,8
DA:101,16
DA:102,24
DA:407,16
DA:411,16
DA:412,16
DA:416,16
DA:425,16
DA:440,16
DA:441,16
DA:442,16
DA:443,16
DA:444,16
LF:15
LH:15
end_of_record
SF:/usr/include/c++/6/ext/atomicity.h
DA:49,0
DA:67,0
DA:68,0
DA:81,0
LF:4
LH:0
end_of_record
SF:/usr/include/c++/6/ext/new_allocator.h
DA:101,16
DA:102,0
DA:104,16
DA:110,54
DA:120,24
LF:5
LH:4
end_of_record
SF:/usr/include/c++/6/ext/string_conversions.h
FN:54,_ZN9__gnu_cxx6__stoaIlicJiEEET0_PFT_PKT1_PPS3_DpT2_EPKcS5_PmS9_
FNDA:154,_ZN9__gnu_cxx6__stoaIlicJiEEET0_PFT_PKT1_PPS3_DpT2_EPKcS5_PmS9_
FNF:1
FNH:1
DA:54,154
DA:63,154
DA:64,154
DA:68,154
DA:70,154
DA:71,1
DA:72,153
DA:73,153
DA:75,153
DA:76,0
DA:78,153
DA:80,153
DA:81,81
DA:83,153
LF:14
LH:13
end_of_record
SF:/usr/include/c++/6/ostream
DA:113,8
DA:561,8
LF:2
LH:2
end_of_record
SF:/usr/include/c++/6/stdexcept
DA:158,8
LF:1
LH:1
end_of_record
SF:/media/sf_HOME/4 sem/project/include/model/Transaction.hpp
DA:4,24
LF:1
LH:1
end_of_record
SF:/media/sf_HOME/4 sem/project/include/model/User.hpp
FN:3,_ZN4UserD2Ev
FNDA:0,_ZN4UserD2Ev
FNF:1
FNH:0
DA:3,0
LF:1
LH:0
end_of_record
SF:/media/sf_HOME/4 sem/project/src/interface/FileReader.cpp
FN:10,_ZN10FileReaderC2ENSt7__cxx1112basic_stringIcSt11char_traitsIcESaIcEEE
FN:74,_GLOBAL__sub_I__ZN10FileReaderC2ENSt7__cxx1112basic_stringIcSt11char_traitsIcESaIcEEE
FNDA:4,_ZN10FileReaderC2ENSt7__cxx1112basic_stringIcSt11char_traitsIcESaIcEEE
FNDA:4,_ZNK10FileReader12transactionsEv
FNDA:0,_ZNK10FileReader5usersEv
FNDA:1,_GLOBAL__sub_I__ZN10FileReaderC2ENSt7__cxx1112basic_stringIcSt11char_traitsIcESaIcEEE
FNF:4
FNH:3
DA:10,8
DA:12,4
DA:15,8
DA:18,4
DA:19,4
DA:21,72
DA:22,56
DA:25,32
DA:26,8
DA:28,24
DA:34,96
DA:35,24
DA:41,4
DA:44,0
DA:47,0
DA:52,0
DA:55,0
DA:56,0
DA:58,0
DA:59,0
DA:66,0
DA:67,0
DA:73,0
DA:74,2
LF:24
LH:14
end_of_record
TN:
SF:/usr/include/c++/6/bits/basic_string.h
FN:454,_ZNSt7__cxx1112basic_stringIcSt11char_traitsIcESaIcEEC2EPKcRKS3_.isra.24
FNDA:12,_ZNSt7__cxx1112basic_stringIcSt11char_traitsIcESaIcEEC2EPKcRKS3_.isra.24
FNF:1
FNH:1
DA:109,18
DA:110,18
DA:128,12
DA:132,18
DA:142,12
DA:152,0
DA:160,12
DA:166,18
DA:180,18
DA:196,18
DA:297,18
DA:397,6
DA:400,6
DA:454,12
DA:456,36
DA:558,0
LF:16
LH:14
end_of_record
SF:/usr/include/c++/6/bits/basic_string.tcc
FN:206,_ZNSt7__cxx1112basic_stringIcSt11char_traitsIcESaIcEE12_M_constructIPKcEEvT_S8_St20forward_iterator_tag.isra.22
FN:206,_ZNSt7__cxx1112basic_stringIcSt11char_traitsIcESaIcEE12_M_constructIPcEEvT_S7_St20forward_iterator_tag.isra.27
FNDA:6,_ZNSt7__cxx1112basic_stringIcSt11char_traitsIcESaIcEE12_M_constructIPcEEvT_S7_St20forward_iterator_tag.isra.27
FNDA:12,_ZNSt7__cxx1112basic_stringIcSt11char_traitsIcESaIcEE12_M_constructIPKcEEvT_S8_St20forward_iterator_tag.isra.22
FNF:2
FNH:2
DA:206,18
DA:211,18
DA:212,0
DA:215,18
DA:217,18
DA:219,12
DA:220,12
DA:232,18
DA:233,18
LF:9
LH:8
end_of_record
SF:/usr/include/c++/6/bits/char_traits.h
DA:243,18
DA:267,12
DA:288,18
DA:290,17
LF:4
LH:4
end_of_record
SF:/usr/include/c++/6/bits/stl_iterator_base_funcs.h
DA:102,18
LF:1
LH:1
end_of_record
SF:/usr/include/c++/6/ext/new_allocator.h
DA:110,12
LF:1
LH:1
end_of_record
SF:/usr/include/c++/6/iostream
DA:74,1
LF:1
LH:1
end_of_record
SF:/usr/include/c++/6/sstream
FN:65,_ZNSt7__cxx1115basic_stringbufIcSt11char_traitsIcESaIcEED0Ev
FN:65,_ZNSt7__cxx1115basic_stringbufIcSt11char_traitsIcESaIcEED2Ev
FNDA:0,_ZNSt7__cxx1115basic_stringbufIcSt11char_traitsIcESaIcEED0Ev
FNDA:0,_ZNSt7__cxx1115basic_stringbufIcSt11char_traitsIcESaIcEED2Ev
FNF:2
FNH:0
DA:65,0
DA:766,0
LF:2
LH:0
end_of_record
SF:/usr/include/c++/6/stdexcept
DA:158,4
LF:1
LH:1
end_of_record
SF:/usr/include/c++/6/streambuf
DA:198,0
LF:1
LH:0
end_of_record
SF:/media/sf_HOME/4 sem/project/googletest/googletest/include/gtest/gtest-printers.h
FN:980,_ZN7testing13PrintToStringIiEENSt7__cxx1112basic_stringIcSt11char_traitsIcESaIcEEERKT_
FNDA:0,_ZN7testing13PrintToStringIiEENSt7__cxx1112basic_stringIcSt11char_traitsIcESaIcEEERKT_
FNF:1
FNH:0
DA:249,0
DA:276,0
DA:980,0
DA:981,0
DA:983,0
LF:5
LH:0
end_of_record
SF:/media/sf_HOME/4 sem/project/googletest/googletest/include/gtest/gtest.h
FN:389,_ZN7testing4Test13SetUpTestCaseEv
FN:397,_ZN7testing4Test16TearDownTestCaseEv
FN:474,_ZN7testing4Test5SetupEv
FN:1375,_ZN7testing8internal18CmpHelperEQFailureIiiEENS_15AssertionResultEPKcS4_RKT_RKT0_
FN:1387,_ZN7testing8internal11CmpHelperEQIiiEENS_15AssertionResultEPKcS4_RKT_RKT0_
FNDA:3,_ZN7testing4Test13SetUpTestCaseEv
FNDA:3,_ZN7testing4Test16TearDownTestCaseEv
FNDA:0,_ZN7testing4Test5SetupEv
FNDA:0,_ZN7testing8internal18CmpHelperEQFailureIiiEENS_15AssertionResultEPKcS4_RKT_RKT0_
FNDA:18,_ZN7testing8internal11CmpHelperEQIiiEENS_15AssertionResultEPKcS4_RKT_RKT0_
FNF:5
FNH:3
DA:298,0
DA:389,3
DA:397,3
DA:474,0
DA:1375,0
DA:1382,0
DA:1387,18
DA:1392,18
DA:1393,18
DA:1397,0
DA:1421,6
LF:11
LH:6
end_of_record
SF:/media/sf_HOME/4 sem/project/googletest/googletest/include/gtest/internal/gtest-internal.h
FN:482,_ZN7testing8internal15TestFactoryImplI27DateParserTest_TooMuch_TestED0Ev
FN:482,_ZN7testing8internal15TestFactoryImplI30DateParserTest_EmptyInput_TestED0Ev
FN:482,_ZN7testing8internal15TestFactoryImplI31DateParserTest_ShortNormal_TestED0Ev
FN:482,_ZN7testing8internal15TestFactoryImplI26DateParserTest_Normal_TestED2Ev
FN:482,_ZN7testing8internal15TestFactoryImplI26DateParserTest_Normal_TestED0Ev
FN:482,_ZN7testing8internal15TestFactoryImplI33DateParserTest_NonDigitsTail_TestED0Ev
FN:482,_ZN7testing8internal15TestFactoryImplI30DateParserTest_EmptyInput_TestED2Ev
FN:482,_ZN7testing8internal15TestFactoryImplI27DateParserTest_TooMuch_TestED2Ev
FN:482,_ZN7testing8internal15TestFactoryImplI33DateParserTest_NonDigitsTail_TestED2Ev
FN:482,_ZN7testing8internal15TestFactoryImplI29DateParserTest_NonDigits_TestED0Ev
FN:482,_ZN7testing8internal15TestFactoryImplI31DateParserTest_ShortNormal_TestED2Ev
FN:482,_ZN7testing8internal15TestFactoryImplI29DateParserTest_NonDigits_TestED2Ev
FNDA:1,_ZN7testing8internal15TestFactoryImplI30DateParserTest_EmptyInput_TestED0Ev
FNDA:0,_ZN7testing8internal15TestFactoryImplI30DateParserTest_EmptyInput_TestED2Ev
FNDA:1,_ZN7testing8internal15TestFactoryImplI27DateParserTest_TooMuch_TestED0Ev
FNDA:0,_ZN7testing8internal15TestFactoryImplI27DateParserTest_TooMuch_TestED2Ev
FNDA:1,_ZN7testing8internal15TestFactoryImplI33DateParserTest_NonDigitsTail_TestED0Ev
FNDA:0,_ZN7testing8internal15TestFactoryImplI33DateParserTest_NonDigitsTail_TestED2Ev
FNDA:1,_ZN7testing8internal15TestFactoryImplI29DateParserTest_NonDigits_TestED0Ev
FNDA:0,_ZN7testing8internal15TestFactoryImplI29DateParserTest_NonDigits_TestED2Ev
FNDA:1,_ZN7testing8internal15TestFactoryImplI26DateParserTest_Normal_TestED0Ev
FNDA:0,_ZN7testing8internal15TestFactoryImplI26DateParserTest_Normal_TestED2Ev
FNDA:1,_ZN7testing8internal15TestFactoryImplI31DateParserTest_ShortNormal_TestED0Ev
FNDA:0,_ZN7testing8internal15TestFactoryImplI31DateParserTest_ShortNormal_TestED2Ev
FNDA:1,_ZN7testing8internal15TestFactoryImplI30DateParserTest_EmptyInput_TestE10CreateTestEv
FNDA:1,_ZN7testing8internal15TestFactoryImplI27DateParserTest_TooMuch_TestE10CreateTestEv
FNDA:1,_ZN7testing8internal15TestFactoryImplI33DateParserTest_NonDigitsTail_TestE10CreateTestEv
FNDA:1,_ZN7testing8internal15TestFactoryImplI29DateParserTest_NonDigits_TestE10CreateTestEv
FNDA:1,_ZN7testing8internal15TestFactoryImplI26DateParserTest_Normal_TestE10CreateTestEv
FNDA:1,_ZN7testing8internal15TestFactoryImplI31DateParserTest_ShortNormal_TestE10CreateTestEv
FNF:18
FNH:12
DA:473,6
DA:482,12
DA:484,12
DA:505,12
LF:4
LH:4
end_of_record
SF:/media/sf_HOME/4 sem/project/googletest/googletest/include/gtest/internal/gtest-port.h
FN:1142,_ZN7testing8internal10scoped_ptrINSt7__cxx1112basic_stringIcSt11char_traitsIcESaIcEEEE5resetEPS7_
FN:1142,_ZN7testing8internal10scoped_ptrINSt7__cxx1118basic_stringstreamIcSt11char_traitsIcESaIcEEEE5resetEPS7_
FNDA:61,_ZN7testing8internal10scoped_ptrINSt7__cxx1118basic_stringstreamIcSt11char_traitsIcESaIcEEEE5resetEPS7_
FNDA:6,_ZN7testing8internal10scoped_ptrINSt7__cxx1112basic_stringIcSt11char_traitsIcESaIcEEEE5resetEPS7_
FNF:2
FNH:2
DA:1130,0
DA:1134,0
DA:1142,67
DA:1143,67
DA:1144,61
DA:1145,61
DA:1147,61
DA:1149,67
LF:8
LH:6
end_of_record
SF:/media/sf_HOME/4 sem/project/test/src/DateParserTest.cpp
FN:7,_ZN30DateParserTest_EmptyInput_TestD0Ev
FN:7,_ZN30DateParserTest_EmptyInput_Test8TestBodyEv
FN:7,_ZN30DateParserTest_EmptyInput_TestD2Ev
FN:18,_ZN27DateParserTest_TooMuch_Test8TestBodyEv
FN:18,_ZN27DateParserTest_TooMuch_TestD0Ev
FN:18,_ZN27DateParserTest_TooMuch_TestD2Ev
FN:29,_ZN33DateParserTest_NonDigitsTail_Test8TestBodyEv
FN:29,_ZN33DateParserTest_NonDigitsTail_TestD0Ev
FN:29,_ZN33DateParserTest_NonDigitsTail_TestD2Ev
FN:40,_ZN29DateParserTest_NonDigits_TestD0Ev
FN:40,_ZN29DateParserTest_NonDigits_TestD2Ev
FN:40,_ZN29DateParserTest_NonDigits_Test8TestBodyEv
FN:51,_ZN26DateParserTest_Normal_TestD0Ev
FN:51,_ZN26DateParserTest_Normal_Test8TestBodyEv
FN:51,_ZN26DateParserTest_Normal_TestD2Ev
FN:58,_ZN31DateParserTest_ShortNormal_TestD2Ev
FN:58,_ZN31DateParserTest_ShortNormal_TestD0Ev
FN:58,_ZN31DateParserTest_ShortNormal_Test8TestBodyEv
FN:63,_GLOBAL__sub_I__ZN30DateParserTest_EmptyInput_Test10test_info_E
FN:63,_Z41__static_initialization_and_destruction_0ii
FNDA:1,_ZN30DateParserTest_EmptyInput_TestD0Ev
FNDA:0,_ZN30DateParserTest_EmptyInput_TestD2Ev
FNDA:1,_ZN30DateParserTest_EmptyInput_Test8TestBodyEv
FNDA:1,_ZN27DateParserTest_TooMuch_TestD0Ev
FNDA:0,_ZN27DateParserTest_TooMuch_TestD2Ev
FNDA:1,_ZN27DateParserTest_TooMuch_Test8TestBodyEv
FNDA:1,_ZN33DateParserTest_NonDigitsTail_TestD0Ev
FNDA:0,_ZN33DateParserTest_NonDigitsTail_TestD2Ev
FNDA:1,_ZN33DateParserTest_NonDigitsTail_Test8TestBodyEv
FNDA:1,_ZN29DateParserTest_NonDigits_TestD0Ev
FNDA:0,_ZN29DateParserTest_NonDigits_TestD2Ev
FNDA:1,_ZN29DateParserTest_NonDigits_Test8TestBodyEv
FNDA:1,_ZN26DateParserTest_Normal_TestD0Ev
FNDA:0,_ZN26DateParserTest_Normal_TestD2Ev
FNDA:1,_ZN26DateParserTest_Normal_Test8TestBodyEv
FNDA:1,_ZN31DateParserTest_ShortNormal_TestD0Ev
FNDA:0,_ZN31DateParserTest_ShortNormal_TestD2Ev
FNDA:1,_ZN31DateParserTest_ShortNormal_Test8TestBodyEv
FNDA:1,_GLOBAL__sub_I__ZN30DateParserTest_EmptyInput_Test10test_info_E
FNDA:1,_Z41__static_initialization_and_destruction_0ii
FNF:20
FNH:14
DA:7,8
DA:9,2
DA:10,0
DA:11,2
DA:13,0
DA:14,0
DA:18,8
DA:20,2
DA:21,0
DA:22,2
DA:24,0
DA:25,0
DA:29,8
DA:31,2
DA:32,0
DA:33,2
DA:35,0
DA:36,0
DA:40,8
DA:42,2
DA:43,0
DA:44,2
DA:46,0
DA:47,0
DA:51,8
DA:52,2
DA:53,2
DA:54,2
DA:55,2
DA:58,8
DA:59,2
DA:60,2
DA:61,2
DA:62,2
DA:63,3
LF:35
LH:23
end_of_record
TN:
SF:/usr/include/c++/6/bits/basic_string.h
FN:454,_ZNSt7__cxx1112basic_stringIcSt11char_traitsIcESaIcEEC2EPKcRKS3_.isra.34
FNDA:0,_ZNSt7__cxx1112basic_stringIcSt11char_traitsIcESaIcEEC2EPKcRKS3_.isra.34
FNF:1
FNH:0
DA:109,0
DA:110,0
DA:128,0
DA:132,0
DA:142,0
DA:160,0
DA:166,0
DA:180,0
DA:196,0
DA:297,0
DA:380,0
DA:397,0
DA:400,0
DA:454,0
DA:456,0
DA:5330,0
LF:16
LH:0
end_of_record
SF:/usr/include/c++/6/bits/basic_string.tcc
FN:206,_ZNSt7__cxx1112basic_stringIcSt11char_traitsIcESaIcEE12_M_constructIPcEEvT_S7_St20forward_iterator_tag.isra.28
FN:206,_ZNSt7__cxx1112basic_stringIcSt11char_traitsIcESaIcEE12_M_constructIPKcEEvT_S8_St20forward_iterator_tag.isra.32
FNDA:0,_ZNSt7__cxx1112basic_stringIcSt11char_traitsIcESaIcEE12_M_constructIPKcEEvT_S8_St20forward_iterator_tag.isra.32
FNDA:0,_ZNSt7__cxx1112basic_stringIcSt11char_traitsIcESaIcEE12_M_constructIPcEEvT_S7_St20forward_iterator_tag.isra.28
FNF:2
FNH:0
DA:206,0
DA:211,0
DA:212,0
DA:215,0
DA:217,0
DA:219,0
DA:220,0
DA:232,0
DA:233,0
LF:9
LH:0
end_of_record
SF:/usr/include/c++/6/bits/char_traits.h
DA:243,0
DA:267,0
DA:288,0
DA:290,0
LF:4
LH:0
end_of_record
SF:/usr/include/c++/6/bits/locale_facets.h
FN:872,_ZNKSt5ctypeIcE5widenEc
FN:1082,_ZNKSt5ctypeIcE8do_widenEc
FNDA:0,_ZNKSt5ctypeIcE5widenEc
FNDA:0,_ZNKSt5ctypeIcE8do_widenEc
FNF:2
FNH:0
DA:872,0
DA:874,0
DA:875,0
DA:876,0
DA:877,0
DA:1082,0
DA:1083,0
LF:7
LH:0
end_of_record
SF:/usr/include/c++/6/bits/move.h
DA:192,0
LF:1
LH:0
end_of_record
SF:/usr/include/c++/6/bits/shared_ptr.h
DA:93,0
LF:1
LH:0
end_of_record
SF:/usr/include/c++/6/bits/shared_ptr_base.h
FN:126,_ZNSt16_Sp_counted_baseILN9__gnu_cxx12_Lock_policyE2EE10_M_destroyEv
FN:143,_ZNSt16_Sp_counted_baseILN9__gnu_cxx12_Lock_policyE2EE10_M_releaseEv
FN:399,_ZNSt15_Sp_counted_ptrIDnLN9__gnu_cxx12_Lock_policyE2EE10_M_disposeEv
FN:673,_ZNSt14__shared_countILN9__gnu_cxx12_Lock_policyE2EEaSERKS2_
FNDA:0,_ZNSt16_Sp_counted_baseILN9__gnu_cxx12_Lock_policyE2EE10_M_destroyEv
FNDA:0,_ZNSt16_Sp_counted_baseILN9__gnu_cxx12_Lock_policyE2EE10_M_releaseEv
FNDA:0,_ZNSt15_Sp_counted_ptrIDnLN9__gnu_cxx12_Lock_policyE2EE10_M_disposeEv
FNDA:0,_ZNSt14__shared_countILN9__gnu_cxx12_Lock_policyE2EEaSERKS2_
FNF:4
FNH:0
DA:126,0
DA:127,0
DA:134,0
DA:143,0
DA:147,0
DA:150,0
DA:162,0
DA:166,0
DA:169,0
DA:399,0
DA:661,0
DA:662,0
DA:673,0
DA:675,0
DA:676,0
DA:678,0
DA:680,0
DA:681,0
DA:682,0
DA:684,0
DA:690,0
DA:691,0
DA:870,0
LF:23
LH:0
end_of_record
SF:/usr/include/c++/6/bits/stl_iterator.h
DA:799,0
LF:1
LH:0
end_of_record
SF:/usr/include/c++/6/bits/stl_iterator_base_funcs.h
DA:102,0
LF:1
LH:0
end_of_record
SF:/usr/include/c++/6/ext/atomicity.h
DA:49,0
DA:53,0
DA:67,0
DA:68,0
DA:74,0
DA:81,0
DA:95,0
LF:7
LH:0
end_of_record
SF:/usr/include/c++/6/ext/new_allocator.h
DA:110,0
LF:1
LH:0
end_of_record
SF:/usr/include/c++/6/iostream
DA:74,1
LF:1
LH:1
end_of_record
SF:/usr/include/c++/6/ostream
DA:113,0
DA:509,0
DA:561,0
LF:3
LH:0
end_of_record
SF:/usr/include/c++/6/stdexcept
DA:158,0
LF:1
LH:0
end_of_record
SF:/media/sf_HOME/4 sem/project/src/interface/UserInterface.cpp
FN:9,_ZN13UserInterface5loginEv
FN:22,_ZN13UserInterface6logoutEv
FN:27,_ZNK13UserInterface4infoEv
FN:38,_ZN13UserInterface15read_date_cycleERKNSt7__cxx1112basic_stringIcSt11char_traitsIcESaIcEEE
FN:51,_ZNK13UserInterface6reportEv
FN:81,_GLOBAL__sub_I__ZN13UserInterface5loginEv
FNDA:0,_ZN13UserInterface5loginEv
FNDA:0,_ZN13UserInterface6logoutEv
FNDA:0,_ZNK13UserInterface4infoEv
FNDA:0,_ZN13UserInterface15read_date_cycleERKNSt7__cxx1112basic_stringIcSt11char_traitsIcESaIcEEE
FNDA:0,_ZNK13UserInterface6reportEv
FNDA:1,_GLOBAL__sub_I__ZN13UserInterface5loginEv
FNF:6
FNH:1
DA:9,0
DA:10,0
DA:12,0
DA:13,0
DA:14,0
DA:20,0
DA:22,0
DA:25,0
DA:27,0
DA:28,0
DA:29,0
DA:30,0
DA:31,0
DA:32,0
DA:36,0
DA:38,0
DA:42,0
DA:44,0
DA:45,0
DA:51,0
DA:52,0
DA:54,0
DA:57,0
DA:58,0
DA:60,0
DA:63,0
DA:64,0
DA:65,0
DA:66,0
DA:67,0
DA:70,0
DA:73,0
DA:77,0
DA:78,0
DA:79,0
DA:80,0
DA:81,2
LF:37
LH:1
end_of_record
TN:
SF:/usr/include/c++/6/iostream
DA:74,1
LF:1
LH:1
end_of_record
SF:/media/sf_HOME/4 sem/project/googletest/googletest/include/gtest/gtest.h
DA:2233,1
LF:1
LH:1
end_of_record
SF:/media/sf_HOME/4 sem/project/test/src/test_all.cpp
FN:3,main
FN:6,_GLOBAL__sub_I_main
FNDA:1,main
FNDA:1,_GLOBAL__sub_I_main
FNF:2
FNH:2
DA:3,1
DA:4,1
DA:6,2
LF:3
LH:3
end_of_record
TN:
SF:/media/sf_HOME/4 sem/project/src/model/Date.cpp
FN:3,_ZN4DateC2Eiii
FN:5,_ZNK4Date7get_dayEv
FN:9,_ZNK4Date9get_monthEv
FN:13,_ZNK4Date8get_yearEv
FN:17,_ZNK4DategtERKS_
FN:36,_ZNK4DateltERKS_
FN:40,_ZNK4DategeERKS_
FN:44,_ZNK4DateleERKS_
FN:48,_ZNK4DateeqERKS_
FN:52,_ZNK4DateneERKS_
FNDA:34,_ZN4DateC2Eiii
FNDA:2,_ZNK4Date7get_dayEv
FNDA:2,_ZNK4Date9get_monthEv
FNDA:2,_ZNK4Date8get_yearEv
FNDA:0,_ZNK4DategtERKS_
FNDA:0,_ZNK4DateltERKS_
FNDA:0,_ZNK4DategeERKS_
FNDA:40,_ZNK4DateleERKS_
FNDA:0,_ZNK4DateeqERKS_
FNDA:0,_ZNK4DateneERKS_
FNF:10
FNH:5
DA:3,34
DA:5,2
DA:6,2
DA:9,2
DA:10,2
DA:13,2
DA:14,2
DA:17,0
DA:18,40
DA:21,34
DA:24,28
DA:27,15
DA:30,11
DA:33,0
DA:36,0
DA:37,0
DA:40,0
DA:41,0
DA:44,40
DA:45,60
DA:48,0
DA:49,20
DA:52,0
DA:53,0
LF:24
LH:15
end_of_record
TN:
SF:/usr/include/c++/6/bits/basic_string.h
FN:454,_ZNSt7__cxx1112basic_stringIcSt11char_traitsIcESaIcEEC2EPKcRKS3_.isra.32
FNDA:6,_ZNSt7__cxx1112basic_stringIcSt11char_traitsIcESaIcEEC2EPKcRKS3_.isra.32
FNF:1
FNH:1
DA:109,9
DA:110,9
DA:128,6
DA:132,9
DA:142,6
DA:152,5
DA:160,6
DA:166,9
DA:180,14
DA:196,9
DA:297,9
DA:397,3
DA:400,3
DA:454,6
DA:456,18
DA:558,5
DA:5074,1
LF:17
LH:17
end_of_record
SF:/usr/include/c++/6/bits/basic_string.tcc
FN:206,_ZNSt7__cxx1112basic_stringIcSt11char_traitsIcESaIcEE12_M_constructIPcEEvT_S7_St20forward_iterator_tag.isra.35
FN:206,_ZNSt7__cxx1112basic_stringIcSt11char_traitsIcESaIcEE12_M_constructIPKcEEvT_S8_St20forward_iterator_tag.isra.30
FNDA:3,_ZNSt7__cxx1112basic_stringIcSt11char_traitsIcESaIcEE12_M_constructIPcEEvT_S7_St20forward_iterator_tag.isra.35
FNDA:6,_ZNSt7__cxx1112basic_stringIcSt11char_traitsIcESaIcEE12_M_constructIPKcEEvT_S8_St20forward_iterator_tag.isra.30
FNF:2
FNH:2
DA:206,9
DA:211,9
DA:212,0
DA:215,9
DA:217,9
DA:219,6
DA:220,6
DA:232,9
DA:233,9
LF:9
LH:8
end_of_record
SF:/usr/include/c++/6/bits/char_traits.h
DA:243,9
DA:267,6
DA:288,9
DA:290,8
LF:4
LH:4
end_of_record
SF:/usr/include/c++/6/bits/stl_construct.h
DA:102,13
LF:1
LH:1
end_of_record
SF:/usr/include/c++/6/bits/stl_iterator_base_funcs.h
DA:102,9
LF:1
LH:1
end_of_record
SF:/usr/include/c++/6/bits/stl_vector.h
FN:425,_ZNSt6vectorINSt7__cxx1112basic_stringIcSt11char_traitsIcESaIcEEESaIS5_EED2Ev
FNDA:3,_ZNSt6vectorINSt7__cxx1112basic_stringIcSt11char_traitsIcESaIcEEESaIS5_EED2Ev
FNF:1
FNH:1
DA:161,3
DA:177,3
DA:425,3
DA:426,3
DA:427,3
DA:656,3
LF:6
LH:6
end_of_record
SF:/usr/include/c++/6/ext/new_allocator.h
DA:110,9
LF:1
LH:1
end_of_record
SF:/usr/include/c++/6/iostream
DA:74,1
LF:1
LH:1
end_of_record
SF:/usr/include/c++/6/ostream
DA:171,0
LF:1
LH:0
end_of_record
SF:/usr/include/c++/6/sstream
FN:65,_ZNSt7__cxx1115basic_stringbufIcSt11char_traitsIcESaIcEED2Ev
FN:65,_ZNSt7__cxx1115basic_stringbufIcSt11char_traitsIcESaIcEED0Ev
FNDA:0,_ZNSt7__cxx1115basic_stringbufIcSt11char_traitsIcESaIcEED0Ev
FNDA:0,_ZNSt7__cxx1115basic_stringbufIcSt11char_traitsIcESaIcEED2Ev
FNF:2
FNH:0
DA:65,0
DA:766,0
LF:2
LH:0
end_of_record
SF:/usr/include/c++/6/streambuf
DA:198,0
LF:1
LH:0
end_of_record
SF:/media/sf_HOME/4 sem/project/googletest/googletest/include/gtest/gtest-printers.h
FN:804,_ZN7testing8internal21UniversalTersePrinterIPKcE5PrintES3_PSo
FN:980,_ZN7testing13PrintToStringIiEENSt7__cxx1112basic_stringIcSt11char_traitsIcESaIcEEERKT_
FN:980,_ZN7testing13PrintToStringINSt7__cxx1112basic_stringIcSt11char_traitsIcESaIcEEEEES6_RKT_
FN:980,_ZN7testing13PrintToStringImEENSt7__cxx1112basic_stringIcSt11char_traitsIcESaIcEEERKT_
FN:980,_ZN7testing13PrintToStringIPKcEENSt7__cxx1112basic_stringIcSt11char_traitsIcESaIcEEERKT_
FNDA:0,_ZN7testing8internal21UniversalTersePrinterIPKcE5PrintES3_PSo
FNDA:0,_ZN7testing13PrintToStringINSt7__cxx1112basic_stringIcSt11char_traitsIcESaIcEEEEES6_RKT_
FNDA:0,_ZN7testing13PrintToStringImEENSt7__cxx1112basic_stringIcSt11char_traitsIcESaIcEEERKT_
FNDA:0,_ZN7testing13PrintToStringIiEENSt7__cxx1112basic_stringIcSt11char_traitsIcESaIcEEERKT_
FNDA:0,_ZN7testing13PrintToStringIPKcEENSt7__cxx1112basic_stringIcSt11char_traitsIcESaIcEEERKT_
FNF:5
FNH:0
DA:249,0
DA:276,0
DA:321,0
DA:566,0
DA:804,0
DA:805,0
DA:806,0
DA:808,0
DA:810,0
DA:980,0
DA:981,0
DA:982,0
DA:983,0
LF:13
LH:0
end_of_record
SF:/media/sf_HOME/4 sem/project/googletest/googletest/include/gtest/gtest.h
FN:389,_ZN7testing4Test13SetUpTestCaseEv
FN:397,_ZN7testing4Test16TearDownTestCaseEv
FN:474,_ZN7testing4Test5SetupEv
FN:1375,_ZN7testing8internal18CmpHelperEQFailureIimEENS_15AssertionResultEPKcS4_RKT_RKT0_
FN:1375,_ZN7testing8internal18CmpHelperEQFailureIA4_cNSt7__cxx1112basic_stringIcSt11char_traitsIcESaIcEEEEENS_15AssertionResultEPKcSB_RKT_RKT0_
FN:1387,_ZN7testing8internal11CmpHelperEQIA4_cNSt7__cxx1112basic_stringIcSt11char_traitsIcESaIcEEEEENS_15AssertionResultEPKcSB_RKT_RKT0_
FN:1387,_ZN7testing8internal11CmpHelperEQIimEENS_15AssertionResultEPKcS4_RKT_RKT0_
FNDA:0,_ZN7testing4Test13SetUpTestCaseEv
FNDA:0,_ZN7testing4Test16TearDownTestCaseEv
FNDA:0,_ZN7testing4Test5SetupEv
FNDA:0,_ZN7testing8internal18CmpHelperEQFailureIA4_cNSt7__cxx1112basic_stringIcSt11char_traitsIcESaIcEEEEENS_15AssertionResultEPKcSB_RKT_RKT0_
FNDA:0,_ZN7testing8internal18CmpHelperEQFailureIimEENS_15AssertionResultEPKcS4_RKT_RKT0_
FNDA:1,_ZN7testing8internal11CmpHelperEQIA4_cNSt7__cxx1112basic_stringIcSt11char_traitsIcESaIcEEEEENS_15AssertionResultEPKcSB_RKT_RKT0_
FNDA:0,_ZN7testing8internal11CmpHelperEQIimEENS_15AssertionResultEPKcS4_RKT_RKT0_
FNF:7
FNH:1
DA:298,0
DA:389,0
DA:397,0
DA:474,0
DA:1375,0
DA:1382,0
DA:1387,1
DA:1392,1
DA:1393,1
DA:1397,0
DA:1421,4
DA:1459,4
LF:12
LH:5
end_of_record
SF:/media/sf_HOME/4 sem/project/googletest/googletest/include/gtest/internal/gtest-internal.h
FN:482,_ZN7testing8internal15TestFactoryImplI28SplitterTest_EmptyInput_TestED2Ev
FN:482,_ZN7testing8internal15TestFactoryImplI27SplitterTest_Singleton_TestED0Ev
FN:482,_ZN7testing8internal15TestFactoryImplI28SplitterTest_EmptyInput_TestED0Ev
FN:482,_ZN7testing8internal15TestFactoryImplI27SplitterTest_Singleton_TestED2Ev
FN:482,_ZN7testing8internal15TestFactoryImplI29SplitterTest_EmptyString_TestED2Ev
FN:482,_ZN7testing8internal15TestFactoryImplI29SplitterTest_EmptyString_TestED0Ev
FN:484,_ZN7testing8internal15TestFactoryImplI29SplitterTest_EmptyString_TestE10CreateTestEv
FN:484,_ZN7testing8internal15TestFactoryImplI27SplitterTest_Singleton_TestE10CreateTestEv
FN:484,_ZN7testing8internal15TestFactoryImplI28SplitterTest_EmptyInput_TestE10CreateTestEv
FNDA:1,_ZN7testing8internal15TestFactoryImplI28SplitterTest_EmptyInput_TestED0Ev
FNDA:0,_ZN7testing8internal15TestFactoryImplI28SplitterTest_EmptyInput_TestED2Ev
FNDA:1,_ZN7testing8internal15TestFactoryImplI27SplitterTest_Singleton_TestED0Ev
FNDA:0,_ZN7testing8internal15TestFactoryImplI27SplitterTest_Singleton_TestED2Ev
FNDA:1,_ZN7testing8internal15TestFactoryImplI29SplitterTest_EmptyString_TestED0Ev
FNDA:0,_ZN7testing8internal15TestFactoryImplI29SplitterTest_EmptyString_TestED2Ev
FNDA:1,_ZN7testing8internal15TestFactoryImplI28SplitterTest_EmptyInput_TestE10CreateTestEv
FNDA:1,_ZN7testing8internal15TestFactoryImplI27SplitterTest_Singleton_TestE10CreateTestEv
FNDA:1,_ZN7testing8internal15TestFactoryImplI29SplitterTest_EmptyString_TestE10CreateTestEv
FNF:9
FNH:6
DA:473,3
DA:482,6
DA:484,6
DA:505,6
LF:4
LH:4
end_of_record
SF:/media/sf_HOME/4 sem/project/googletest/googletest/include/gtest/internal/gtest-port.h
FN:1142,_ZN7testing8internal10scoped_ptrINSt7__cxx1118basic_stringstreamIcSt11char_traitsIcESaIcEEEE5resetEPS7_
FN:1142,_ZN7testing8internal10scoped_ptrINSt7__cxx1112basic_stringIcSt11char_traitsIcESaIcEEEE5resetEPS7_
FNDA:0,_ZN7testing8internal10scoped_ptrINSt7__cxx1118basic_stringstreamIcSt11char_traitsIcESaIcEEEE5resetEPS7_
FNDA:8,_ZN7testing8internal10scoped_ptrINSt7__cxx1112basic_stringIcSt11char_traitsIcESaIcEEEE5resetEPS7_
FNF:2
FNH:1
DA:1130,0
DA:1134,0
DA:1142,8
DA:1143,8
DA:1144,0
DA:1145,0
DA:1147,0
DA:1149,8
LF:8
LH:3
end_of_record
SF:/media/sf_HOME/4 sem/project/test/src/SplitterTest.cpp
FN:7,_ZN28SplitterTest_EmptyInput_Test8TestBodyEv
FN:7,_ZN28SplitterTest_EmptyInput_TestD0Ev
FN:7,_ZN28SplitterTest_EmptyInput_TestD2Ev
FN:15,_ZN27SplitterTest_Singleton_TestD2Ev
FN:15,_ZN27SplitterTest_Singleton_TestD0Ev
FN:15,_ZN27SplitterTest_Singleton_Test8TestBodyEv
FN:24,_ZN29SplitterTest_EmptyString_TestD2Ev
FN:24,_ZN29SplitterTest_EmptyString_Test8TestBodyEv
FN:24,_ZN29SplitterTest_EmptyString_TestD0Ev
FN:32,_GLOBAL__sub_I__ZN28SplitterTest_EmptyInput_Test10test_info_E
FN:32,_Z41__static_initialization_and_destruction_0ii
FNDA:1,_ZN28SplitterTest_EmptyInput_TestD0Ev
FNDA:0,_ZN28SplitterTest_EmptyInput_TestD2Ev
FNDA:1,_ZN28SplitterTest_EmptyInput_Test8TestBodyEv
FNDA:1,_ZN27SplitterTest_Singleton_TestD0Ev
FNDA:0,_ZN27SplitterTest_Singleton_TestD2Ev
FNDA:1,_ZN27SplitterTest_Singleton_Test8TestBodyEv
FNDA:1,_ZN29SplitterTest_EmptyString_TestD0Ev
FNDA:0,_ZN29SplitterTest_EmptyString_TestD2Ev
FNDA:1,_ZN29SplitterTest_EmptyString_Test8TestBodyEv
FNDA:1,_GLOBAL__sub_I__ZN28SplitterTest_EmptyInput_Test10test_info_E
FNDA:1,_Z41__static_initialization_and_destruction_0ii
FNF:11
FNH:8
DA:7,8
DA:8,1
DA:9,1
DA:10,2
DA:11,2
DA:12,2
DA:15,8
DA:16,1
DA:17,1
DA:18,2
DA:19,2
DA:20,1
DA:24,8
DA:25,1
DA:26,1
DA:27,2
DA:28,2
DA:29,2
DA:30,2
DA:31,2
DA:32,3
LF:21
LH:21
end_of_record
